<?xml version="1.0" encoding="UTF-8"?>
<!-- Generated by org.testng.reporters.JUnitReportReporter -->
<testsuite hostname="BLR1-LHP-N61317" name="org.testingworld.automation.runcukes.RunAllTest" tests="1" failures="0" timestamp="18 Jan 2019 11:07:31 GMT" time="8.546" errors="0">
  <testcase name="feature" time="8.546" classname="org.testingworld.automation.runcukes.RunAllTest"/>
</testsuite> <!-- org.testingworld.automation.runcukes.RunAllTest -->
